<?xml version="1.0" encoding="UTF-8"?>
<!-- Generated by org.testng.reporters.JUnitReportReporter -->
<testsuite hostname="BLR1-LHP-N80937" failures="0" tests="1" name="com.testng.TestngAnnotations" time="1.349" errors="0" timestamp="2023-06-26T13:10:13 IST" skipped="0">
  <testcase classname="com.testng.TestngAnnotations" name="Url" time="1.349"/>
</testsuite> <!-- com.testng.TestngAnnotations -->
